1
 
 SNMEMA EXIT 100 -- finished successfully
 SNMEMA INFO 104 -- memory requirements estimated

 Nonzero derivs  Jij         5
 Non-constant    Jij's       4     Constant Jij's           1
1
 
 SNJAC  EXIT 100 -- finished successfully
 SNJAC  INFO 102 -- Jacobian structure estimated
1
 
 Parameters
 ==========

 Files
 -----
 Solution file..........         0       Old basis file ........         0       Standard input.........         5
 Insert file............         0       New basis file ........         0       (Printer)..............        10
 Punch file.............         0       Backup basis file......         0       (Specs file)...........         0
 Load file..............         0       Dump file..............         0       Standard output........         6

 Frequencies
 -----------
 Print frequency........       100       Check frequency........        60       Save new basis map.....       100
 Summary frequency......       100       Factorization frequency        50       Expand frequency.......     10000

 QP subproblems
 --------------
 QPsolver Cholesky......
 Scale tolerance........     0.900       Minor feasibility tol..  1.00E-06       Iteration limit........     10000
 Scale option...........         0       Minor optimality  tol..  1.00E-06       Minor print level......         1
 Crash tolerance........     0.100       Pivot tolerance........  3.25E-11       New superbasics........        99
 Crash option...........         3       Elastic weight.........  1.00E+05

 Partial pricing
 ---------------
 LP Partial price.......         1       Prtl price section ( A)         2       Prtl price section (-I)         3
 QP Partial price.......         1       Prtl price section ( A)         2       Prtl price section (-I)         3

 The SQP Method
 --------------
 Minimize...............                 Cold start.............                 Proximal Point method..         1
 Nonlinear objectiv vars         0       Objective Row..........         1       Function precision.....  3.00E-13
 Unbounded step size....  1.00E+20       Superbasics limit......         2       Difference interval....  5.48E-07
 Unbounded objective....  1.00E+10       Reduced Hessian dim....         2       Central difference int.  6.70E-05
 Major step limit.......  2.00E+00       Nonderiv.  linesearch..                 Derivative option......         0
 Major iterations limit.      1000       Linesearch tolerance...   0.90000       Verify level...........         3
 Minor iterations limit.       500       Penalty parameter......  0.00E+00       Major Print Level......         1
 Time limit (secs)...... 9999999.0       Major optimality tol...  2.00E-06

 Hessian Approximation
 ---------------------
 Hessian full-memory....                 Hessian updates........  99999999       Hessian frequency......  99999999
                                                                                 Hessian flush..........  99999999

 Nonlinear constraints
 ---------------------
 Nonlinear constraints..         2       Major feasibility tol..  1.00E-06       Violation limit........  1.00E+01
 Nonlinear Jacobian vars         2

 Miscellaneous
 -------------
 LU factor tolerance....      3.99       LU singularity tol.....  3.25E-11       Timing level...........         3
 LU update tolerance....      3.99       LU swap tolerance......  1.22E-04       Debug level............         0
 LU partial  pivoting...                 eps (machine precision)  2.22E-16       System information.....        No
                                                                                 Sticky parameters......        No
1
 

 

 Matrix statistics
 -----------------
               Total      Normal        Free       Fixed     Bounded
 Rows              3           2           1           0           0
 Columns           2           1           1           0           0

 No. of matrix elements                    5     Density      83.333
 Biggest  constant element        0.0000E+00  (excluding fixed columns,
 Smallest constant element        0.0000E+00   free rows, and RHS)

 No. of objective coefficients             1
 Biggest                          1.0000E+00  (excluding fixed columns)
 Smallest                         1.0000E+00

 Nonlinear constraints       2     Linear constraints       1
 Nonlinear variables         2     Linear variables         0
 Jacobian  variables         2     Objective variables      0
 Total constraints           3     Total variables          2
1
 

 
 The user has defined       0   out of       4   first  derivatives

 
 Column       x(j)        dx(j)    Element no.    Row        Derivative    Difference approxn
1
 
 

   Itns Major Minors    Step   nCon Feasible  Optimal  MeritFunction     L+U BSwap     nS condZHZ Penalty
      2     0      2              1  1.0E+00  1.0E+00  1.0000000E+00       5            2 7.2E+01         _  r
      3     1      1 1.0E+00      2 (0.0E+00) 1.0E+00 -9.0016883E-13       3     1      2 1.0E+00         _  rl
      5     2      2 1.0E+00      4  1.0E+00  2.5E-01 -1.0000000E+00       5                              _sm l
      5     3      0 1.0E+00      5  9.4E-01  1.8E-02 -9.7904716E-01       5                      2.6E-02 _
      5     4      0 1.0E+00      6  5.5E-02  6.3E-03 -1.0005949E+00       5                      2.6E-02 _
      5     5      0 1.0E+00      7  1.9E-04  2.4E-05 -1.0000000E+00       5                      4.1E-01 _
      5     6      0 1.0E+00      8 (2.2E-09)(2.7E-10)-1.0000000E+00       5                      8.7E-01 _
1
 
 SNOPTA EXIT   0 -- finished successfully
 SNOPTA INFO   1 -- optimality conditions satisfied

 Problem name                     Toy0
 No. of iterations                   5   Objective           -1.0000000003E+00
 No. of major iterations             6   Linear    obj. term -1.0000000003E+00
 Penalty parameter           8.708E-01   Nonlinear obj. term  0.0000000000E+00
 User function calls (total)        36   Calls with modes 1,2 (known g)      8
 Calls for forward differencing     16   Calls for central differencing      0
 No. of degenerate steps             0   Percentage                       0.00
 Max x                       2 1.0E+00   Max pi                      3 1.0E+00
 Max Primal infeas           0 0.0E+00   Max Dual infeas             2 2.7E-10
 Nonlinear constraint violn    2.2E-09
1
 
 Name               Toy0                 Objective Value     -1.0000000003E+00

 Status         Optimal Soln             Iteration      5    Superbasics     0

 Objective               (Min)
 RHS
 Ranges
 Bounds

 Section 1 - Constraints

  Number  ...Row.. State  ...Value......  Slack Value...  ..Lower Limit.  ..Upper Limit.  .Dual Variable    ..i
 
       3  r      1    BS        -1.00000        -1.00000           None            None         -1.0          1
       4  r      2    UL         4.00000         0.00000           None          4.00000        -0.12500      2
       5  r      3 D  BS         5.00000         0.00000           None          5.00000          .           3
1
 
 Section 2 - Variables

  Number  .Column. State  ...Value......  .Obj Gradient.  ..Lower Limit.  ..Upper Limit.  .Dual Variable    m+j
 
       1  x      1 A  LL          .               .               .                None          0.00000      4
       2  x      2    BS        -1.00000         1.0               None            None         -0.00000      5
 
 Time for MPS input                             0.00 seconds
 Time for solving problem                       0.00 seconds
 Time for solution output                       0.00 seconds
 Time for constraint functions                  0.00 seconds
 Time for objective function                    0.00 seconds
1
 
 SNMEMA EXIT 100 -- finished successfully
 SNMEMA INFO 104 -- memory requirements estimated

 Nonzero derivs  Jij         5
 Non-constant    Jij's       4     Constant Jij's           1
1
 
 SNJAC  EXIT 100 -- finished successfully
 SNJAC  INFO 102 -- Jacobian structure estimated
1
 
 Parameters
 ==========

 Files
 -----
 Solution file..........         0       Old basis file ........         0       Standard input.........         5
 Insert file............         0       New basis file ........         0       (Printer)..............        10
 Punch file.............         0       Backup basis file......         0       (Specs file)...........         0
 Load file..............         0       Dump file..............         0       Standard output........         6

 Frequencies
 -----------
 Print frequency........       100       Check frequency........        60       Save new basis map.....       100
 Summary frequency......       100       Factorization frequency        50       Expand frequency.......     10000

 QP subproblems
 --------------
 QPsolver Cholesky......
 Scale tolerance........     0.900       Minor feasibility tol..  1.00E-06       Iteration limit........     10000
 Scale option...........         0       Minor optimality  tol..  1.00E-06       Minor print level......         1
 Crash tolerance........     0.100       Pivot tolerance........  3.25E-11       New superbasics........        99
 Crash option...........         3       Elastic weight.........  1.00E+05

 Partial pricing
 ---------------
 LP Partial price.......         1       Prtl price section ( A)         2       Prtl price section (-I)         3
 QP Partial price.......         1       Prtl price section ( A)         2       Prtl price section (-I)         3

 The SQP Method
 --------------
 Minimize...............                 Cold start.............                 Proximal Point method..         1
 Nonlinear objectiv vars         0       Objective Row..........         1       Function precision.....  3.00E-13
 Unbounded step size....  1.00E+20       Superbasics limit......         2       Difference interval....  5.48E-07
 Unbounded objective....  1.00E+10       Reduced Hessian dim....         2       Central difference int.  6.70E-05
 Major step limit.......  2.00E+00       Nonderiv.  linesearch..                 Derivative option......         0
 Major iterations limit.      1000       Linesearch tolerance...   0.90000       Verify level...........         3
 Minor iterations limit.       500       Penalty parameter......  0.00E+00       Major Print Level......         1
 Time limit (secs)...... 9999999.0       Major optimality tol...  2.00E-06

 Hessian Approximation
 ---------------------
 Hessian full-memory....                 Hessian updates........  99999999       Hessian frequency......  99999999
                                                                                 Hessian flush..........  99999999

 Nonlinear constraints
 ---------------------
 Nonlinear constraints..         2       Major feasibility tol..  1.00E-06       Violation limit........  1.00E+01
 Nonlinear Jacobian vars         2

 Miscellaneous
 -------------
 LU factor tolerance....      3.99       LU singularity tol.....  3.25E-11       Timing level...........         3
 LU update tolerance....      3.99       LU swap tolerance......  1.22E-04       Debug level............         0
 LU partial  pivoting...                 eps (machine precision)  2.22E-16       System information.....        No
                                                                                 Sticky parameters......        No
1
 

 

 Matrix statistics
 -----------------
               Total      Normal        Free       Fixed     Bounded
 Rows              3           2           1           0           0
 Columns           2           1           1           0           0

 No. of matrix elements                    5     Density      83.333
 Biggest  constant element        0.0000E+00  (excluding fixed columns,
 Smallest constant element        0.0000E+00   free rows, and RHS)

 No. of objective coefficients             1
 Biggest                          1.0000E+00  (excluding fixed columns)
 Smallest                         1.0000E+00

 Nonlinear constraints       2     Linear constraints       1
 Nonlinear variables         2     Linear variables         0
 Jacobian  variables         2     Objective variables      0
 Total constraints           3     Total variables          2
1
 

 
 The user has defined       0   out of       4   first  derivatives

 
 Column       x(j)        dx(j)    Element no.    Row        Derivative    Difference approxn
1
 
 

   Itns Major Minors    Step   nCon Feasible  Optimal  MeritFunction     L+U BSwap     nS condZHZ Penalty
      2     0      2              1  1.0E+00  1.0E+00  1.0000000E+00       5            2 7.2E+01         _  r
      3     1      1 1.0E+00      2 (0.0E+00) 1.0E+00 -9.0016883E-13       3     1      2 1.0E+00         _  rl
      5     2      2 1.0E+00      4  1.0E+00  2.5E-01 -1.0000000E+00       5                              _sm l
      5     3      0 1.0E+00      5  9.4E-01  1.8E-02 -9.7904716E-01       5                      2.6E-02 _
      5     4      0 1.0E+00      6  5.5E-02  6.3E-03 -1.0005949E+00       5                      2.6E-02 _
      5     5      0 1.0E+00      7  1.9E-04  2.4E-05 -1.0000000E+00       5                      4.1E-01 _
      5     6      0 1.0E+00      8 (2.2E-09)(2.7E-10)-1.0000000E+00       5                      8.7E-01 _
1
 
 SNOPTA EXIT   0 -- finished successfully
 SNOPTA INFO   1 -- optimality conditions satisfied

 Problem name                     Toy0
 No. of iterations                   5   Objective           -1.0000000003E+00
 No. of major iterations             6   Linear    obj. term -1.0000000003E+00
 Penalty parameter           8.708E-01   Nonlinear obj. term  0.0000000000E+00
 User function calls (total)        36   Calls with modes 1,2 (known g)      8
 Calls for forward differencing     16   Calls for central differencing      0
 No. of degenerate steps             0   Percentage                       0.00
 Max x                       2 1.0E+00   Max pi                      3 1.0E+00
 Max Primal infeas           0 0.0E+00   Max Dual infeas             2 2.7E-10
 Nonlinear constraint violn    2.2E-09
1
 
 Name               Toy0                 Objective Value     -1.0000000003E+00

 Status         Optimal Soln             Iteration      5    Superbasics     0

 Objective               (Min)
 RHS
 Ranges
 Bounds

 Section 1 - Constraints

  Number  ...Row.. State  ...Value......  Slack Value...  ..Lower Limit.  ..Upper Limit.  .Dual Variable    ..i
 
       3  r      1    BS        -1.00000        -1.00000           None            None         -1.0          1
       4  r      2    UL         4.00000         0.00000           None          4.00000        -0.12500      2
       5  r      3 D  BS         5.00000         0.00000           None          5.00000          .           3
1
 
 Section 2 - Variables

  Number  .Column. State  ...Value......  .Obj Gradient.  ..Lower Limit.  ..Upper Limit.  .Dual Variable    m+j
 
       1  x      1 A  LL          .               .               .                None          0.00000      4
       2  x      2    BS        -1.00000         1.0               None            None         -0.00000      5
 
 Time for MPS input                             0.00 seconds
 Time for solving problem                       0.00 seconds
 Time for solution output                       0.00 seconds
 Time for constraint functions                  0.00 seconds
 Time for objective function                    0.00 seconds
1
 
 SNMEMA EXIT 100 -- finished successfully
 SNMEMA INFO 104 -- memory requirements estimated

 Nonzero derivs  Jij         5
 Non-constant    Jij's       4     Constant Jij's           1
1
 
 SNJAC  EXIT 100 -- finished successfully
 SNJAC  INFO 102 -- Jacobian structure estimated
1
 
 Parameters
 ==========

 Files
 -----
 Solution file..........         0       Old basis file ........         0       Standard input.........         5
 Insert file............         0       New basis file ........         0       (Printer)..............        10
 Punch file.............         0       Backup basis file......         0       (Specs file)...........         0
 Load file..............         0       Dump file..............         0       Standard output........         6

 Frequencies
 -----------
 Print frequency........       100       Check frequency........        60       Save new basis map.....       100
 Summary frequency......       100       Factorization frequency        50       Expand frequency.......     10000

 QP subproblems
 --------------
 QPsolver Cholesky......
 Scale tolerance........     0.900       Minor feasibility tol..  1.00E-06       Iteration limit........     10000
 Scale option...........         0       Minor optimality  tol..  1.00E-06       Minor print level......         1
 Crash tolerance........     0.100       Pivot tolerance........  3.25E-11       New superbasics........        99
 Crash option...........         3       Elastic weight.........  1.00E+05

 Partial pricing
 ---------------
 LP Partial price.......         1       Prtl price section ( A)         2       Prtl price section (-I)         3
 QP Partial price.......         1       Prtl price section ( A)         2       Prtl price section (-I)         3

 The SQP Method
 --------------
 Minimize...............                 Cold start.............                 Proximal Point method..         1
 Nonlinear objectiv vars         0       Objective Row..........         1       Function precision.....  3.00E-13
 Unbounded step size....  1.00E+20       Superbasics limit......         2       Difference interval....  5.48E-07
 Unbounded objective....  1.00E+10       Reduced Hessian dim....         2       Central difference int.  6.70E-05
 Major step limit.......  2.00E+00       Nonderiv.  linesearch..                 Derivative option......         0
 Major iterations limit.      1000       Linesearch tolerance...   0.90000       Verify level...........         3
 Minor iterations limit.       500       Penalty parameter......  0.00E+00       Major Print Level......         1
 Time limit (secs)...... 9999999.0       Major optimality tol...  2.00E-06

 Hessian Approximation
 ---------------------
 Hessian full-memory....                 Hessian updates........  99999999       Hessian frequency......  99999999
                                                                                 Hessian flush..........  99999999

 Nonlinear constraints
 ---------------------
 Nonlinear constraints..         2       Major feasibility tol..  1.00E-06       Violation limit........  1.00E+01
 Nonlinear Jacobian vars         2

 Miscellaneous
 -------------
 LU factor tolerance....      3.99       LU singularity tol.....  3.25E-11       Timing level...........         3
 LU update tolerance....      3.99       LU swap tolerance......  1.22E-04       Debug level............         0
 LU partial  pivoting...                 eps (machine precision)  2.22E-16       System information.....        No
                                                                                 Sticky parameters......        No
1
 

 

 Matrix statistics
 -----------------
               Total      Normal        Free       Fixed     Bounded
 Rows              3           2           1           0           0
 Columns           2           1           1           0           0

 No. of matrix elements                    5     Density      83.333
 Biggest  constant element        0.0000E+00  (excluding fixed columns,
 Smallest constant element        0.0000E+00   free rows, and RHS)

 No. of objective coefficients             1
 Biggest                          1.0000E+00  (excluding fixed columns)
 Smallest                         1.0000E+00

 Nonlinear constraints       2     Linear constraints       1
 Nonlinear variables         2     Linear variables         0
 Jacobian  variables         2     Objective variables      0
 Total constraints           3     Total variables          2
1
 

 
 The user has defined       0   out of       4   first  derivatives

 
 Column       x(j)        dx(j)    Element no.    Row        Derivative    Difference approxn
1
 
 

   Itns Major Minors    Step   nCon Feasible  Optimal  MeritFunction     L+U BSwap     nS condZHZ Penalty
      2     0      2              1  1.0E+00  1.0E+00  1.0000000E+00       5            2 7.2E+01         _  r
      3     1      1 1.0E+00      2 (0.0E+00) 1.0E+00 -9.0016883E-13       3     1      2 1.0E+00         _  rl
      5     2      2 1.0E+00      4  1.0E+00  2.5E-01 -1.0000000E+00       5                              _sm l
      5     3      0 1.0E+00      5  9.4E-01  1.8E-02 -9.7904716E-01       5                      2.6E-02 _
      5     4      0 1.0E+00      6  5.5E-02  6.3E-03 -1.0005949E+00       5                      2.6E-02 _
      5     5      0 1.0E+00      7  1.9E-04  2.4E-05 -1.0000000E+00       5                      4.1E-01 _
      5     6      0 1.0E+00      8 (2.2E-09)(2.7E-10)-1.0000000E+00       5                      8.7E-01 _
1
 
 SNOPTA EXIT   0 -- finished successfully
 SNOPTA INFO   1 -- optimality conditions satisfied

 Problem name                     Toy0
 No. of iterations                   5   Objective           -1.0000000003E+00
 No. of major iterations             6   Linear    obj. term -1.0000000003E+00
 Penalty parameter           8.708E-01   Nonlinear obj. term  0.0000000000E+00
 User function calls (total)        36   Calls with modes 1,2 (known g)      8
 Calls for forward differencing     16   Calls for central differencing      0
 No. of degenerate steps             0   Percentage                       0.00
 Max x                       2 1.0E+00   Max pi                      3 1.0E+00
 Max Primal infeas           0 0.0E+00   Max Dual infeas             2 2.7E-10
 Nonlinear constraint violn    2.2E-09
1
 
 Name               Toy0                 Objective Value     -1.0000000003E+00

 Status         Optimal Soln             Iteration      5    Superbasics     0

 Objective               (Min)
 RHS
 Ranges
 Bounds

 Section 1 - Constraints

  Number  ...Row.. State  ...Value......  Slack Value...  ..Lower Limit.  ..Upper Limit.  .Dual Variable    ..i
 
       3  r      1    BS        -1.00000        -1.00000           None            None         -1.0          1
       4  r      2    UL         4.00000         0.00000           None          4.00000        -0.12500      2
       5  r      3 D  BS         5.00000         0.00000           None          5.00000          .           3
1
 
 Section 2 - Variables

  Number  .Column. State  ...Value......  .Obj Gradient.  ..Lower Limit.  ..Upper Limit.  .Dual Variable    m+j
 
       1  x      1 A  LL          .               .               .                None          0.00000      4
       2  x      2    BS        -1.00000         1.0               None            None         -0.00000      5
 
 Time for MPS input                             0.00 seconds
 Time for solving problem                       0.00 seconds
 Time for solution output                       0.00 seconds
 Time for constraint functions                  0.00 seconds
 Time for objective function                    0.00 seconds
1
 
 SNMEMA EXIT 100 -- finished successfully
 SNMEMA INFO 104 -- memory requirements estimated

 Nonzero derivs  Jij         5
 Non-constant    Jij's       4     Constant Jij's           1
1
 
 SNJAC  EXIT 100 -- finished successfully
 SNJAC  INFO 102 -- Jacobian structure estimated
1
 
 Parameters
 ==========

 Files
 -----
 Solution file..........         0       Old basis file ........         0       Standard input.........         5
 Insert file............         0       New basis file ........         0       (Printer)..............        10
 Punch file.............         0       Backup basis file......         0       (Specs file)...........         0
 Load file..............         0       Dump file..............         0       Standard output........         6

 Frequencies
 -----------
 Print frequency........       100       Check frequency........        60       Save new basis map.....       100
 Summary frequency......       100       Factorization frequency        50       Expand frequency.......     10000

 QP subproblems
 --------------
 QPsolver Cholesky......
 Scale tolerance........     0.900       Minor feasibility tol..  1.00E-06       Iteration limit........     10000
 Scale option...........         0       Minor optimality  tol..  1.00E-06       Minor print level......         1
 Crash tolerance........     0.100       Pivot tolerance........  3.25E-11       New superbasics........        99
 Crash option...........         3       Elastic weight.........  1.00E+05

 Partial pricing
 ---------------
 LP Partial price.......         1       Prtl price section ( A)         2       Prtl price section (-I)         3
 QP Partial price.......         1       Prtl price section ( A)         2       Prtl price section (-I)         3

 The SQP Method
 --------------
 Minimize...............                 Cold start.............                 Proximal Point method..         1
 Nonlinear objectiv vars         0       Objective Row..........         1       Function precision.....  3.00E-13
 Unbounded step size....  1.00E+20       Superbasics limit......         2       Difference interval....  5.48E-07
 Unbounded objective....  1.00E+10       Reduced Hessian dim....         2       Central difference int.  6.70E-05
 Major step limit.......  2.00E+00       Nonderiv.  linesearch..                 Derivative option......         0
 Major iterations limit.      1000       Linesearch tolerance...   0.90000       Verify level...........         3
 Minor iterations limit.       500       Penalty parameter......  0.00E+00       Major Print Level......         1
 Time limit (secs)...... 9999999.0       Major optimality tol...  2.00E-06

 Hessian Approximation
 ---------------------
 Hessian full-memory....                 Hessian updates........  99999999       Hessian frequency......  99999999
                                                                                 Hessian flush..........  99999999

 Nonlinear constraints
 ---------------------
 Nonlinear constraints..         2       Major feasibility tol..  1.00E-06       Violation limit........  1.00E+01
 Nonlinear Jacobian vars         2

 Miscellaneous
 -------------
 LU factor tolerance....      3.99       LU singularity tol.....  3.25E-11       Timing level...........         3
 LU update tolerance....      3.99       LU swap tolerance......  1.22E-04       Debug level............         0
 LU partial  pivoting...                 eps (machine precision)  2.22E-16       System information.....        No
                                                                                 Sticky parameters......        No
1
 

 

 Matrix statistics
 -----------------
               Total      Normal        Free       Fixed     Bounded
 Rows              3           2           1           0           0
 Columns           2           1           1           0           0

 No. of matrix elements                    5     Density      83.333
 Biggest  constant element        0.0000E+00  (excluding fixed columns,
 Smallest constant element        0.0000E+00   free rows, and RHS)

 No. of objective coefficients             1
 Biggest                          1.0000E+00  (excluding fixed columns)
 Smallest                         1.0000E+00

 Nonlinear constraints       2     Linear constraints       1
 Nonlinear variables         2     Linear variables         0
 Jacobian  variables         2     Objective variables      0
 Total constraints           3     Total variables          2
1
 

 
 The user has defined       0   out of       4   first  derivatives

 
 Column       x(j)        dx(j)    Element no.    Row        Derivative    Difference approxn
1
 
 

   Itns Major Minors    Step   nCon Feasible  Optimal  MeritFunction     L+U BSwap     nS condZHZ Penalty
      2     0      2              1  1.0E+00  1.0E+00  1.0000000E+00       5            2 7.2E+01         _  r
      3     1      1 1.0E+00      2 (0.0E+00) 1.0E+00 -9.0016883E-13       3     1      2 1.0E+00         _  rl
      5     2      2 1.0E+00      4  1.0E+00  2.5E-01 -1.0000000E+00       5                              _sm l
      5     3      0 1.0E+00      5  9.4E-01  1.8E-02 -9.7904716E-01       5                      2.6E-02 _
      5     4      0 1.0E+00      6  5.5E-02  6.3E-03 -1.0005949E+00       5                      2.6E-02 _
      5     5      0 1.0E+00      7  1.9E-04  2.4E-05 -1.0000000E+00       5                      4.1E-01 _
      5     6      0 1.0E+00      8 (2.2E-09)(2.7E-10)-1.0000000E+00       5                      8.7E-01 _
1
 
 SNOPTA EXIT   0 -- finished successfully
 SNOPTA INFO   1 -- optimality conditions satisfied

 Problem name                     Toy0
 No. of iterations                   5   Objective           -1.0000000003E+00
 No. of major iterations             6   Linear    obj. term -1.0000000003E+00
 Penalty parameter           8.708E-01   Nonlinear obj. term  0.0000000000E+00
 User function calls (total)        36   Calls with modes 1,2 (known g)      8
 Calls for forward differencing     16   Calls for central differencing      0
 No. of degenerate steps             0   Percentage                       0.00
 Max x                       2 1.0E+00   Max pi                      3 1.0E+00
 Max Primal infeas           0 0.0E+00   Max Dual infeas             2 2.7E-10
 Nonlinear constraint violn    2.2E-09
1
 
 Name               Toy0                 Objective Value     -1.0000000003E+00

 Status         Optimal Soln             Iteration      5    Superbasics     0

 Objective               (Min)
 RHS
 Ranges
 Bounds

 Section 1 - Constraints

  Number  ...Row.. State  ...Value......  Slack Value...  ..Lower Limit.  ..Upper Limit.  .Dual Variable    ..i
 
       3  r      1    BS        -1.00000        -1.00000           None            None         -1.0          1
       4  r      2    UL         4.00000         0.00000           None          4.00000        -0.12500      2
       5  r      3 D  BS         5.00000         0.00000           None          5.00000          .           3
1
 
 Section 2 - Variables

  Number  .Column. State  ...Value......  .Obj Gradient.  ..Lower Limit.  ..Upper Limit.  .Dual Variable    m+j
 
       1  x      1 A  LL          .               .               .                None          0.00000      4
       2  x      2    BS        -1.00000         1.0               None            None         -0.00000      5
 
 Time for MPS input                             0.00 seconds
 Time for solving problem                       0.00 seconds
 Time for solution output                       0.00 seconds
 Time for constraint functions                  0.00 seconds
 Time for objective function                    0.00 seconds
1
 
 SNMEMA EXIT 100 -- finished successfully
 SNMEMA INFO 104 -- memory requirements estimated

 Nonzero derivs  Jij         5
 Non-constant    Jij's       4     Constant Jij's           1
1
 
 SNJAC  EXIT 100 -- finished successfully
 SNJAC  INFO 102 -- Jacobian structure estimated
1
 
 Parameters
 ==========

 Files
 -----
 Solution file..........         0       Old basis file ........         0       Standard input.........         5
 Insert file............         0       New basis file ........         0       (Printer)..............        10
 Punch file.............         0       Backup basis file......         0       (Specs file)...........         0
 Load file..............         0       Dump file..............         0       Standard output........         6

 Frequencies
 -----------
 Print frequency........       100       Check frequency........        60       Save new basis map.....       100
 Summary frequency......       100       Factorization frequency        50       Expand frequency.......     10000

 QP subproblems
 --------------
 QPsolver Cholesky......
 Scale tolerance........     0.900       Minor feasibility tol..  1.00E-06       Iteration limit........     10000
 Scale option...........         0       Minor optimality  tol..  1.00E-06       Minor print level......         1
 Crash tolerance........     0.100       Pivot tolerance........  3.25E-11       New superbasics........        99
 Crash option...........         3       Elastic weight.........  1.00E+05

 Partial pricing
 ---------------
 LP Partial price.......         1       Prtl price section ( A)         2       Prtl price section (-I)         3
 QP Partial price.......         1       Prtl price section ( A)         2       Prtl price section (-I)         3

 The SQP Method
 --------------
 Minimize...............                 Cold start.............                 Proximal Point method..         1
 Nonlinear objectiv vars         0       Objective Row..........         1       Function precision.....  3.00E-13
 Unbounded step size....  1.00E+20       Superbasics limit......         2       Difference interval....  5.48E-07
 Unbounded objective....  1.00E+10       Reduced Hessian dim....         2       Central difference int.  6.70E-05
 Major step limit.......  2.00E+00       Nonderiv.  linesearch..                 Derivative option......         0
 Major iterations limit.      1000       Linesearch tolerance...   0.90000       Verify level...........         3
 Minor iterations limit.       500       Penalty parameter......  0.00E+00       Major Print Level......         1
 Time limit (secs)...... 9999999.0       Major optimality tol...  2.00E-06

 Hessian Approximation
 ---------------------
 Hessian full-memory....                 Hessian updates........  99999999       Hessian frequency......  99999999
                                                                                 Hessian flush..........  99999999

 Nonlinear constraints
 ---------------------
 Nonlinear constraints..         2       Major feasibility tol..  1.00E-06       Violation limit........  1.00E+01
 Nonlinear Jacobian vars         2

 Miscellaneous
 -------------
 LU factor tolerance....      3.99       LU singularity tol.....  3.25E-11       Timing level...........         3
 LU update tolerance....      3.99       LU swap tolerance......  1.22E-04       Debug level............         0
 LU partial  pivoting...                 eps (machine precision)  2.22E-16       System information.....        No
                                                                                 Sticky parameters......        No
1
 

 

 Matrix statistics
 -----------------
               Total      Normal        Free       Fixed     Bounded
 Rows              3           2           1           0           0
 Columns           2           1           1           0           0

 No. of matrix elements                    5     Density      83.333
 Biggest  constant element        0.0000E+00  (excluding fixed columns,
 Smallest constant element        0.0000E+00   free rows, and RHS)

 No. of objective coefficients             1
 Biggest                          1.0000E+00  (excluding fixed columns)
 Smallest                         1.0000E+00

 Nonlinear constraints       2     Linear constraints       1
 Nonlinear variables         2     Linear variables         0
 Jacobian  variables         2     Objective variables      0
 Total constraints           3     Total variables          2
1
 

 
 The user has defined       0   out of       4   first  derivatives

 
 Column       x(j)        dx(j)    Element no.    Row        Derivative    Difference approxn
1
 
 

   Itns Major Minors    Step   nCon Feasible  Optimal  MeritFunction     L+U BSwap     nS condZHZ Penalty
      2     0      2              1  1.0E+00  1.0E+00  1.0000000E+00       5            2 7.2E+01         _  r
      3     1      1 1.0E+00      2 (0.0E+00) 1.0E+00 -9.0016883E-13       3     1      2 1.0E+00         _  rl
      5     2      2 1.0E+00      4  1.0E+00  2.5E-01 -1.0000000E+00       5                              _sm l
      5     3      0 1.0E+00      5  9.4E-01  1.8E-02 -9.7904716E-01       5                      2.6E-02 _
      5     4      0 1.0E+00      6  5.5E-02  6.3E-03 -1.0005949E+00       5                      2.6E-02 _
      5     5      0 1.0E+00      7  1.9E-04  2.4E-05 -1.0000000E+00       5                      4.1E-01 _
      5     6      0 1.0E+00      8 (2.2E-09)(2.7E-10)-1.0000000E+00       5                      8.7E-01 _
1
 
 SNOPTA EXIT   0 -- finished successfully
 SNOPTA INFO   1 -- optimality conditions satisfied

 Problem name                     Toy0
 No. of iterations                   5   Objective           -1.0000000003E+00
 No. of major iterations             6   Linear    obj. term -1.0000000003E+00
 Penalty parameter           8.708E-01   Nonlinear obj. term  0.0000000000E+00
 User function calls (total)        36   Calls with modes 1,2 (known g)      8
 Calls for forward differencing     16   Calls for central differencing      0
 No. of degenerate steps             0   Percentage                       0.00
 Max x                       2 1.0E+00   Max pi                      3 1.0E+00
 Max Primal infeas           0 0.0E+00   Max Dual infeas             2 2.7E-10
 Nonlinear constraint violn    2.2E-09
1
 
 Name               Toy0                 Objective Value     -1.0000000003E+00

 Status         Optimal Soln             Iteration      5    Superbasics     0

 Objective               (Min)
 RHS
 Ranges
 Bounds

 Section 1 - Constraints

  Number  ...Row.. State  ...Value......  Slack Value...  ..Lower Limit.  ..Upper Limit.  .Dual Variable    ..i
 
       3  r      1    BS        -1.00000        -1.00000           None            None         -1.0          1
       4  r      2    UL         4.00000         0.00000           None          4.00000        -0.12500      2
       5  r      3 D  BS         5.00000         0.00000           None          5.00000          .           3
1
 
 Section 2 - Variables

  Number  .Column. State  ...Value......  .Obj Gradient.  ..Lower Limit.  ..Upper Limit.  .Dual Variable    m+j
 
       1  x      1 A  LL          .               .               .                None          0.00000      4
       2  x      2    BS        -1.00000         1.0               None            None         -0.00000      5
 
 Time for MPS input                             0.00 seconds
 Time for solving problem                       0.00 seconds
 Time for solution output                       0.00 seconds
 Time for constraint functions                  0.00 seconds
 Time for objective function                    0.00 seconds
